nohup: ignoring input
nohup: ignoring input
user config:
('num_workers', 4)
('batch_size', 80)
('N', 0)
('parse', <bound method DefaultConfig.parse of <config.DefaultConfig object at 0x7f64e7cb2210>>)
('weight_decay', 0.0001)
('_2st_out_features', 20)
('split_ratio', 0.8)
('epochs', 4000)
('filename', './data/dataset/soc-sign-epinions.txt')
('_1st_out_features', 20)
('_3st_out_features', 1)
('lr', 0.5)
('CUDA', False)
('model', 'SiNE')
('dimension', 20)
node: 131828, edges: 673097
epoch 0, loss: [1903.4037]
link_sign_prediction acc: 0.925, f1-micro: 0.925, f1-macro: 0.828
epoch 1, loss: [1352.9292]
link_sign_prediction acc: 0.926, f1-micro: 0.926, f1-macro: 0.830
epoch 2, loss: [1275.172]
link_sign_prediction acc: 0.926, f1-micro: 0.926, f1-macro: 0.832
epoch 3, loss: [1240.6625]
link_sign_prediction acc: 0.927, f1-micro: 0.927, f1-macro: 0.832
epoch 4, loss: [1208.5527]
link_sign_prediction acc: 0.925, f1-micro: 0.925, f1-macro: 0.829
epoch 5, loss: [1113.3257]
link_sign_prediction acc: 0.924, f1-micro: 0.924, f1-macro: 0.826
epoch 6, loss: [896.68115]
link_sign_prediction acc: 0.923, f1-micro: 0.923, f1-macro: 0.826
epoch 7, loss: [803.02423]
link_sign_prediction acc: 0.921, f1-micro: 0.921, f1-macro: 0.820
epoch 8, loss: [758.6922]
link_sign_prediction acc: 0.921, f1-micro: 0.921, f1-macro: 0.817
epoch 9, loss: [728.20605]
link_sign_prediction acc: 0.919, f1-micro: 0.919, f1-macro: 0.811
epoch 10, loss: [712.4014]
link_sign_prediction acc: 0.918, f1-micro: 0.918, f1-macro: 0.811
epoch 11, loss: [703.1532]
link_sign_prediction acc: 0.920, f1-micro: 0.920, f1-macro: 0.814
epoch 12, loss: [690.1692]
link_sign_prediction acc: 0.918, f1-micro: 0.918, f1-macro: 0.807
epoch 13, loss: [791.53326]
link_sign_prediction acc: 0.918, f1-micro: 0.918, f1-macro: 0.809
epoch 14, loss: [656.72394]
link_sign_prediction acc: 0.917, f1-micro: 0.917, f1-macro: 0.806
epoch 15, loss: [643.2223]
link_sign_prediction acc: 0.916, f1-micro: 0.916, f1-macro: 0.804
epoch 16, loss: [611.1159]
link_sign_prediction acc: 0.915, f1-micro: 0.915, f1-macro: 0.801
epoch 17, loss: [590.6573]
link_sign_prediction acc: 0.916, f1-micro: 0.916, f1-macro: 0.802
epoch 18, loss: [573.4129]
link_sign_prediction acc: 0.914, f1-micro: 0.914, f1-macro: 0.799
epoch 19, loss: [558.68353]
link_sign_prediction acc: 0.914, f1-micro: 0.914, f1-macro: 0.798
epoch 20, loss: [545.6314]
link_sign_prediction acc: 0.914, f1-micro: 0.914, f1-macro: 0.799
epoch 21, loss: [516.0055]
link_sign_prediction acc: 0.915, f1-micro: 0.915, f1-macro: 0.802
epoch 22, loss: [503.42514]
link_sign_prediction acc: 0.915, f1-micro: 0.915, f1-macro: 0.801
epoch 23, loss: [495.32556]
link_sign_prediction acc: 0.915, f1-micro: 0.915, f1-macro: 0.802
epoch 24, loss: [485.47754]
link_sign_prediction acc: 0.914, f1-micro: 0.914, f1-macro: 0.799
epoch 25, loss: [541.32806]
link_sign_prediction acc: 0.914, f1-micro: 0.914, f1-macro: 0.801
epoch 26, loss: [470.56268]
link_sign_prediction acc: 0.912, f1-micro: 0.912, f1-macro: 0.794
epoch 27, loss: [505.60364]
link_sign_prediction acc: 0.912, f1-micro: 0.912, f1-macro: 0.796
epoch 28, loss: [451.4782]
link_sign_prediction acc: 0.913, f1-micro: 0.913, f1-macro: 0.799
epoch 29, loss: [445.9502]
link_sign_prediction acc: 0.911, f1-micro: 0.911, f1-macro: 0.791
epoch 30, loss: [440.974]
link_sign_prediction acc: 0.911, f1-micro: 0.911, f1-macro: 0.793
epoch 31, loss: [434.90897]
link_sign_prediction acc: 0.913, f1-micro: 0.913, f1-macro: 0.800
epoch 32, loss: [430.87616]
link_sign_prediction acc: 0.914, f1-micro: 0.914, f1-macro: 0.801
epoch 33, loss: [428.45593]
link_sign_prediction acc: 0.915, f1-micro: 0.915, f1-macro: 0.802
epoch 34, loss: [424.26233]
link_sign_prediction acc: 0.915, f1-micro: 0.915, f1-macro: 0.802
epoch 35, loss: [421.18036]
link_sign_prediction acc: 0.915, f1-micro: 0.915, f1-macro: 0.803
epoch 36, loss: [419.57028]
link_sign_prediction acc: 0.915, f1-micro: 0.915, f1-macro: 0.804
epoch 37, loss: [414.8135]
link_sign_prediction acc: 0.915, f1-micro: 0.915, f1-macro: 0.802
epoch 38, loss: [410.33502]
link_sign_prediction acc: 0.915, f1-micro: 0.915, f1-macro: 0.803
epoch 39, loss: [404.86624]
link_sign_prediction acc: 0.914, f1-micro: 0.914, f1-macro: 0.801
epoch 40, loss: [406.81155]
link_sign_prediction acc: 0.914, f1-micro: 0.914, f1-macro: 0.801
epoch 41, loss: [384.1103]
link_sign_prediction acc: 0.915, f1-micro: 0.915, f1-macro: 0.804
epoch 42, loss: [386.2785]
link_sign_prediction acc: 0.915, f1-micro: 0.915, f1-macro: 0.804
epoch 43, loss: [385.76132]
link_sign_prediction acc: 0.914, f1-micro: 0.914, f1-macro: 0.802
epoch 44, loss: [382.75034]
link_sign_prediction acc: 0.914, f1-micro: 0.914, f1-macro: 0.800
epoch 45, loss: [381.78726]
link_sign_prediction acc: 0.915, f1-micro: 0.915, f1-macro: 0.804
epoch 46, loss: [385.46558]
link_sign_prediction acc: 0.914, f1-micro: 0.914, f1-macro: 0.802
epoch 47, loss: [380.32104]
link_sign_prediction acc: 0.915, f1-micro: 0.915, f1-macro: 0.804
epoch 48, loss: [382.09882]
link_sign_prediction acc: 0.914, f1-micro: 0.914, f1-macro: 0.802
epoch 49, loss: [382.11798]
link_sign_prediction acc: 0.916, f1-micro: 0.916, f1-macro: 0.807
epoch 50, loss: [381.73746]
link_sign_prediction acc: 0.913, f1-micro: 0.913, f1-macro: 0.799
epoch 51, loss: [381.965]
link_sign_prediction acc: 0.915, f1-micro: 0.915, f1-macro: 0.804
epoch 52, loss: [373.50806]
link_sign_prediction acc: 0.914, f1-micro: 0.914, f1-macro: 0.802
epoch 53, loss: [377.26215]
link_sign_prediction acc: 0.913, f1-micro: 0.913, f1-macro: 0.798
epoch 54, loss: [375.50638]
link_sign_prediction acc: 0.913, f1-micro: 0.913, f1-macro: 0.797
epoch 55, loss: [373.6127]
link_sign_prediction acc: 0.913, f1-micro: 0.913, f1-macro: 0.799
epoch 56, loss: [369.12012]
link_sign_prediction acc: 0.914, f1-micro: 0.914, f1-macro: 0.800
epoch 57, loss: [372.83914]
link_sign_prediction acc: 0.914, f1-micro: 0.914, f1-macro: 0.802
epoch 58, loss: [373.87518]
link_sign_prediction acc: 0.913, f1-micro: 0.913, f1-macro: 0.798
epoch 59, loss: [372.10837]
link_sign_prediction acc: 0.913, f1-micro: 0.913, f1-macro: 0.799
epoch 60, loss: [375.11163]
link_sign_prediction acc: 0.913, f1-micro: 0.913, f1-macro: 0.797
epoch 61, loss: [357.29523]
link_sign_prediction acc: 0.914, f1-micro: 0.914, f1-macro: 0.800
epoch 62, loss: [355.1689]
link_sign_prediction acc: 0.912, f1-micro: 0.912, f1-macro: 0.795
epoch 63, loss: [355.65402]
link_sign_prediction acc: 0.913, f1-micro: 0.913, f1-macro: 0.799
epoch 64, loss: [355.14996]
link_sign_prediction acc: 0.913, f1-micro: 0.913, f1-macro: 0.798
epoch 65, loss: [352.80075]
link_sign_prediction acc: 0.912, f1-micro: 0.912, f1-macro: 0.794
epoch 66, loss: [357.22296]
link_sign_prediction acc: 0.913, f1-micro: 0.913, f1-macro: 0.797
epoch 67, loss: [351.3282]
link_sign_prediction acc: 0.912, f1-micro: 0.912, f1-macro: 0.796
epoch 68, loss: [353.23755]
link_sign_prediction acc: 0.913, f1-micro: 0.913, f1-macro: 0.797
epoch 69, loss: [353.7842]
link_sign_prediction acc: 0.912, f1-micro: 0.912, f1-macro: 0.795
epoch 70, loss: [354.26923]
link_sign_prediction acc: 0.912, f1-micro: 0.912, f1-macro: 0.796
epoch 71, loss: [349.6607]
link_sign_prediction acc: 0.913, f1-micro: 0.913, f1-macro: 0.798
epoch 72, loss: [354.97055]
link_sign_prediction acc: 0.915, f1-micro: 0.915, f1-macro: 0.803
epoch 73, loss: [353.1201]
link_sign_prediction acc: 0.914, f1-micro: 0.914, f1-macro: 0.800
epoch 74, loss: [350.61288]
link_sign_prediction acc: 0.914, f1-micro: 0.914, f1-macro: 0.802
epoch 75, loss: [351.86893]
link_sign_prediction acc: 0.914, f1-micro: 0.914, f1-macro: 0.802
epoch 76, loss: [347.1489]
link_sign_prediction acc: 0.914, f1-micro: 0.914, f1-macro: 0.801
epoch 77, loss: [352.20428]
link_sign_prediction acc: 0.915, f1-micro: 0.915, f1-macro: 0.802
epoch 78, loss: [350.81543]
link_sign_prediction acc: 0.912, f1-micro: 0.912, f1-macro: 0.795
epoch 79, loss: [350.81897]
link_sign_prediction acc: 0.913, f1-micro: 0.913, f1-macro: 0.800
epoch 80, loss: [349.37177]
link_sign_prediction acc: 0.913, f1-micro: 0.913, f1-macro: 0.798
epoch 81, loss: [330.1664]
link_sign_prediction acc: 0.913, f1-micro: 0.913, f1-macro: 0.798
epoch 82, loss: [334.77985]
link_sign_prediction acc: 0.914, f1-micro: 0.914, f1-macro: 0.800
epoch 83, loss: [334.11673]
link_sign_prediction acc: 0.915, f1-micro: 0.915, f1-macro: 0.803
epoch 84, loss: [336.58423]
link_sign_prediction acc: 0.914, f1-micro: 0.914, f1-macro: 0.802
epoch 85, loss: [332.94064]
link_sign_prediction acc: 0.915, f1-micro: 0.915, f1-macro: 0.802
epoch 86, loss: [336.93045]
link_sign_prediction acc: 0.913, f1-micro: 0.913, f1-macro: 0.798
epoch 87, loss: [332.72516]
link_sign_prediction acc: 0.914, f1-micro: 0.914, f1-macro: 0.802
epoch 88, loss: [332.53854]
link_sign_prediction acc: 0.914, f1-micro: 0.914, f1-macro: 0.803
epoch 89, loss: [334.54532]
link_sign_prediction acc: 0.913, f1-micro: 0.913, f1-macro: 0.799
epoch 90, loss: [330.19577]
link_sign_prediction acc: 0.914, f1-micro: 0.914, f1-macro: 0.800
epoch 91, loss: [332.8669]
link_sign_prediction acc: 0.913, f1-micro: 0.913, f1-macro: 0.799
epoch 92, loss: [334.87988]
link_sign_prediction acc: 0.914, f1-micro: 0.914, f1-macro: 0.801
epoch 93, loss: [332.30478]
link_sign_prediction acc: 0.913, f1-micro: 0.913, f1-macro: 0.798
epoch 94, loss: [332.3149]
link_sign_prediction acc: 0.913, f1-micro: 0.913, f1-macro: 0.799
epoch 95, loss: [331.34]
link_sign_prediction acc: 0.912, f1-micro: 0.912, f1-macro: 0.797
epoch 96, loss: [330.6744]
link_sign_prediction acc: 0.911, f1-micro: 0.911, f1-macro: 0.793
epoch 97, loss: [329.18564]
link_sign_prediction acc: 0.913, f1-micro: 0.913, f1-macro: 0.798
epoch 98, loss: [333.26068]
link_sign_prediction acc: 0.912, f1-micro: 0.912, f1-macro: 0.798
epoch 99, loss: [332.6379]
link_sign_prediction acc: 0.913, f1-micro: 0.913, f1-macro: 0.798
epoch 100, loss: [720.68365]
link_sign_prediction acc: 0.917, f1-micro: 0.917, f1-macro: 0.812
epoch 101, loss: [408.4916]
link_sign_prediction acc: 0.916, f1-micro: 0.916, f1-macro: 0.807
epoch 102, loss: [373.81946]
link_sign_prediction acc: 0.915, f1-micro: 0.915, f1-macro: 0.805
epoch 103, loss: [358.1514]
link_sign_prediction acc: 0.915, f1-micro: 0.915, f1-macro: 0.804
epoch 104, loss: [348.69394]
link_sign_prediction acc: 0.914, f1-micro: 0.914, f1-macro: 0.802
epoch 105, loss: [338.50824]
link_sign_prediction acc: 0.914, f1-micro: 0.914, f1-macro: 0.802
epoch 106, loss: [333.83572]
link_sign_prediction acc: 0.914, f1-micro: 0.914, f1-macro: 0.801
epoch 107, loss: [326.78503]
link_sign_prediction acc: 0.914, f1-micro: 0.914, f1-macro: 0.800
epoch 108, loss: [327.82654]
link_sign_prediction acc: 0.914, f1-micro: 0.914, f1-macro: 0.801
epoch 109, loss: [322.97327]
link_sign_prediction acc: 0.914, f1-micro: 0.914, f1-macro: 0.802
epoch 110, loss: [321.73306]
link_sign_prediction acc: 0.912, f1-micro: 0.912, f1-macro: 0.795
epoch 111, loss: [389.54233]
link_sign_prediction acc: 0.913, f1-micro: 0.913, f1-macro: 0.799
epoch 112, loss: [323.54218]
link_sign_prediction acc: 0.912, f1-micro: 0.912, f1-macro: 0.796
epoch 113, loss: [324.39496]
link_sign_prediction acc: 0.912, f1-micro: 0.912, f1-macro: 0.796
epoch 114, loss: [318.01453]
link_sign_prediction acc: 0.911, f1-micro: 0.911, f1-macro: 0.793
epoch 115, loss: [318.9133]
link_sign_prediction acc: 0.911, f1-micro: 0.911, f1-macro: 0.794
epoch 116, loss: [318.5177]
link_sign_prediction acc: 0.910, f1-micro: 0.910, f1-macro: 0.790
epoch 117, loss: [314.95895]
link_sign_prediction acc: 0.910, f1-micro: 0.910, f1-macro: 0.790
epoch 118, loss: [312.20184]
link_sign_prediction acc: 0.909, f1-micro: 0.909, f1-macro: 0.790
epoch 119, loss: [308.7247]
link_sign_prediction acc: 0.908, f1-micro: 0.908, f1-macro: 0.786
epoch 120, loss: [303.62]
link_sign_prediction acc: 0.908, f1-micro: 0.908, f1-macro: 0.787
epoch 121, loss: [288.52087]
link_sign_prediction acc: 0.908, f1-micro: 0.908, f1-macro: 0.787
epoch 122, loss: [293.61966]
link_sign_prediction acc: 0.908, f1-micro: 0.908, f1-macro: 0.788
epoch 123, loss: [291.5928]
link_sign_prediction acc: 0.909, f1-micro: 0.909, f1-macro: 0.790
epoch 124, loss: [290.09473]
link_sign_prediction acc: 0.910, f1-micro: 0.910, f1-macro: 0.789
epoch 125, loss: [283.9152]
link_sign_prediction acc: 0.910, f1-micro: 0.910, f1-macro: 0.792
epoch 126, loss: [285.29453]
link_sign_prediction acc: 0.910, f1-micro: 0.910, f1-macro: 0.790
epoch 127, loss: [525.246]
link_sign_prediction acc: 0.917, f1-micro: 0.917, f1-macro: 0.812
epoch 128, loss: [346.3886]
link_sign_prediction acc: 0.916, f1-micro: 0.916, f1-macro: 0.807
epoch 129, loss: [327.17014]
link_sign_prediction acc: 0.917, f1-micro: 0.917, f1-macro: 0.810
epoch 130, loss: [314.40823]
link_sign_prediction acc: 0.918, f1-micro: 0.918, f1-macro: 0.811
epoch 131, loss: [301.05768]
link_sign_prediction acc: 0.916, f1-micro: 0.916, f1-macro: 0.808
epoch 132, loss: [287.8062]
link_sign_prediction acc: 0.915, f1-micro: 0.915, f1-macro: 0.804
epoch 133, loss: [282.79355]
link_sign_prediction acc: 0.916, f1-micro: 0.916, f1-macro: 0.807
epoch 134, loss: [277.2644]
link_sign_prediction acc: 0.916, f1-micro: 0.916, f1-macro: 0.805
epoch 135, loss: [272.95636]
link_sign_prediction acc: 0.917, f1-micro: 0.917, f1-macro: 0.808
epoch 136, loss: [269.52615]
link_sign_prediction acc: 0.916, f1-micro: 0.916, f1-macro: 0.806
epoch 137, loss: [268.89203]
link_sign_prediction acc: 0.917, f1-micro: 0.917, f1-macro: 0.808
epoch 138, loss: [264.26816]
link_sign_prediction acc: 0.915, f1-micro: 0.915, f1-macro: 0.803
epoch 139, loss: [263.57797]
link_sign_prediction acc: 0.917, f1-micro: 0.917, f1-macro: 0.807
epoch 140, loss: [261.2383]
link_sign_prediction acc: 0.913, f1-micro: 0.913, f1-macro: 0.797
epoch 141, loss: [307.13562]
link_sign_prediction acc: 0.916, f1-micro: 0.916, f1-macro: 0.806
epoch 142, loss: [254.65889]
link_sign_prediction acc: 0.916, f1-micro: 0.916, f1-macro: 0.807
epoch 143, loss: [255.26251]
link_sign_prediction acc: 0.917, f1-micro: 0.917, f1-macro: 0.809
epoch 144, loss: [253.91016]
link_sign_prediction acc: 0.916, f1-micro: 0.916, f1-macro: 0.805
epoch 145, loss: [248.29861]
link_sign_prediction acc: 0.917, f1-micro: 0.917, f1-macro: 0.808
epoch 146, loss: [248.28511]
link_sign_prediction acc: 0.917, f1-micro: 0.917, f1-macro: 0.809
epoch 147, loss: [245.3274]
link_sign_prediction acc: 0.917, f1-micro: 0.917, f1-macro: 0.809
epoch 148, loss: [246.112]
link_sign_prediction acc: 0.916, f1-micro: 0.916, f1-macro: 0.806
epoch 149, loss: [242.87982]
link_sign_prediction acc: 0.917, f1-micro: 0.917, f1-macro: 0.807
epoch 150, loss: [244.27284]
link_sign_prediction acc: 0.916, f1-micro: 0.916, f1-macro: 0.806
epoch 151, loss: [241.28015]
link_sign_prediction acc: 0.916, f1-micro: 0.916, f1-macro: 0.806
epoch 152, loss: [242.22514]
link_sign_prediction acc: 0.917, f1-micro: 0.917, f1-macro: 0.808
epoch 153, loss: [239.42413]
link_sign_prediction acc: 0.917, f1-micro: 0.917, f1-macro: 0.808
epoch 154, loss: [240.90475]
link_sign_prediction acc: 0.916, f1-micro: 0.916, f1-macro: 0.805
epoch 155, loss: [238.06212]
link_sign_prediction acc: 0.917, f1-micro: 0.917, f1-macro: 0.807
epoch 156, loss: [238.01917]
link_sign_prediction acc: 0.915, f1-micro: 0.915, f1-macro: 0.804
epoch 157, loss: [239.67268]
link_sign_prediction acc: 0.916, f1-micro: 0.916, f1-macro: 0.804
epoch 158, loss: [238.57524]
link_sign_prediction acc: 0.917, f1-micro: 0.917, f1-macro: 0.807
epoch 159, loss: [238.32574]
link_sign_prediction acc: 0.916, f1-micro: 0.916, f1-macro: 0.805
epoch 160, loss: [237.28468]
link_sign_prediction acc: 0.917, f1-micro: 0.917, f1-macro: 0.807
epoch 161, loss: [221.8302]
link_sign_prediction acc: 0.917, f1-micro: 0.917, f1-macro: 0.806
epoch 162, loss: [224.36244]
link_sign_prediction acc: 0.917, f1-micro: 0.917, f1-macro: 0.808
epoch 163, loss: [226.70856]
link_sign_prediction acc: 0.917, f1-micro: 0.917, f1-macro: 0.809
epoch 164, loss: [225.16959]
link_sign_prediction acc: 0.917, f1-micro: 0.917, f1-macro: 0.807
epoch 165, loss: [224.94101]
link_sign_prediction acc: 0.918, f1-micro: 0.918, f1-macro: 0.808
epoch 166, loss: [223.7776]
link_sign_prediction acc: 0.918, f1-micro: 0.918, f1-macro: 0.811
epoch 167, loss: [223.99472]
link_sign_prediction acc: 0.915, f1-micro: 0.915, f1-macro: 0.801
epoch 168, loss: [237.09155]
link_sign_prediction acc: 0.915, f1-micro: 0.915, f1-macro: 0.800
epoch 169, loss: [360.81168]
link_sign_prediction acc: 0.918, f1-micro: 0.918, f1-macro: 0.808
epoch 170, loss: [268.5898]
link_sign_prediction acc: 0.916, f1-micro: 0.916, f1-macro: 0.805
epoch 171, loss: [259.6349]
link_sign_prediction acc: 0.917, f1-micro: 0.917, f1-macro: 0.806
epoch 172, loss: [256.07175]
link_sign_prediction acc: 0.915, f1-micro: 0.915, f1-macro: 0.803
epoch 173, loss: [252.18219]
link_sign_prediction acc: 0.916, f1-micro: 0.916, f1-macro: 0.804
epoch 174, loss: [248.93166]
link_sign_prediction acc: 0.916, f1-micro: 0.916, f1-macro: 0.803
epoch 175, loss: [247.6889]
link_sign_prediction acc: 0.917, f1-micro: 0.917, f1-macro: 0.805
epoch 176, loss: [245.2896]
link_sign_prediction acc: 0.917, f1-micro: 0.917, f1-macro: 0.805
epoch 177, loss: [241.75528]
link_sign_prediction acc: 0.916, f1-micro: 0.916, f1-macro: 0.803
epoch 178, loss: [238.76848]
link_sign_prediction acc: 0.916, f1-micro: 0.916, f1-macro: 0.802
epoch 179, loss: [239.19551]
link_sign_prediction acc: 0.916, f1-micro: 0.916, f1-macro: 0.805
epoch 180, loss: [242.25148]
link_sign_prediction acc: 0.916, f1-micro: 0.916, f1-macro: 0.803
epoch 181, loss: [224.72018]
link_sign_prediction acc: 0.916, f1-micro: 0.916, f1-macro: 0.804
epoch 182, loss: [226.67433]
link_sign_prediction acc: 0.916, f1-micro: 0.916, f1-macro: 0.802
epoch 183, loss: [227.4146]
link_sign_prediction acc: 0.916, f1-micro: 0.916, f1-macro: 0.803
epoch 184, loss: [225.89752]
link_sign_prediction acc: 0.916, f1-micro: 0.916, f1-macro: 0.803
epoch 185, loss: [226.68974]
link_sign_prediction acc: 0.916, f1-micro: 0.916, f1-macro: 0.803
epoch 186, loss: [224.72899]
link_sign_prediction acc: 0.916, f1-micro: 0.916, f1-macro: 0.803
epoch 187, loss: [224.95872]
link_sign_prediction acc: 0.917, f1-micro: 0.917, f1-macro: 0.805
epoch 188, loss: [224.51099]
link_sign_prediction acc: 0.916, f1-micro: 0.916, f1-macro: 0.804
epoch 189, loss: [224.31937]
link_sign_prediction acc: 0.916, f1-micro: 0.916, f1-macro: 0.803
epoch 190, loss: [222.51678]
link_sign_prediction acc: 0.914, f1-micro: 0.914, f1-macro: 0.798
epoch 191, loss: [10316.511]
link_sign_prediction acc: 0.915, f1-micro: 0.915, f1-macro: 0.802
epoch 192, loss: [321.7668]
link_sign_prediction acc: 0.916, f1-micro: 0.916, f1-macro: 0.805
epoch 193, loss: [240.03093]
link_sign_prediction acc: 0.917, f1-micro: 0.917, f1-macro: 0.807
epoch 194, loss: [228.86728]
link_sign_prediction acc: 0.917, f1-micro: 0.917, f1-macro: 0.806
epoch 195, loss: [225.3058]
link_sign_prediction acc: 0.917, f1-micro: 0.917, f1-macro: 0.806
epoch 196, loss: [224.53185]
link_sign_prediction acc: 0.917, f1-micro: 0.917, f1-macro: 0.808
epoch 197, loss: [220.32045]
link_sign_prediction acc: 0.918, f1-micro: 0.918, f1-macro: 0.810
epoch 198, loss: [216.945]
link_sign_prediction acc: 0.916, f1-micro: 0.916, f1-macro: 0.804
epoch 199, loss: [217.59409]
link_sign_prediction acc: 0.916, f1-micro: 0.916, f1-macro: 0.804
epoch 200, loss: [214.59247]
link_sign_prediction acc: 0.916, f1-micro: 0.916, f1-macro: 0.803
epoch 201, loss: [197.50021]
link_sign_prediction acc: 0.918, f1-micro: 0.918, f1-macro: 0.808
epoch 202, loss: [201.48361]
link_sign_prediction acc: 0.917, f1-micro: 0.917, f1-macro: 0.808
epoch 203, loss: [200.12259]
link_sign_prediction acc: 0.917, f1-micro: 0.917, f1-macro: 0.806
epoch 204, loss: [201.91893]
link_sign_prediction acc: 0.915, f1-micro: 0.915, f1-macro: 0.802
epoch 205, loss: [199.10648]
link_sign_prediction acc: 0.916, f1-micro: 0.916, f1-macro: 0.805
epoch 206, loss: [198.53796]
link_sign_prediction acc: 0.916, f1-micro: 0.916, f1-macro: 0.805
epoch 207, loss: [197.34686]
link_sign_prediction acc: 0.916, f1-micro: 0.916, f1-macro: 0.805
epoch 208, loss: [194.76729]
link_sign_prediction acc: 0.916, f1-micro: 0.916, f1-macro: 0.803
epoch 209, loss: [598.29315]
link_sign_prediction acc: 0.922, f1-micro: 0.922, f1-macro: 0.821
epoch 210, loss: [289.68497]
link_sign_prediction acc: 0.921, f1-micro: 0.921, f1-macro: 0.817
epoch 211, loss: [263.41257]
link_sign_prediction acc: 0.921, f1-micro: 0.921, f1-macro: 0.816
epoch 212, loss: [249.45435]
link_sign_prediction acc: 0.919, f1-micro: 0.919, f1-macro: 0.813
epoch 213, loss: [246.66232]
link_sign_prediction acc: 0.920, f1-micro: 0.920, f1-macro: 0.815
epoch 214, loss: [240.82632]
link_sign_prediction acc: 0.919, f1-micro: 0.919, f1-macro: 0.813
epoch 215, loss: [236.43538]
link_sign_prediction acc: 0.918, f1-micro: 0.918, f1-macro: 0.810
epoch 216, loss: [235.62659]
link_sign_prediction acc: 0.920, f1-micro: 0.920, f1-macro: 0.814
epoch 217, loss: [232.70604]
link_sign_prediction acc: 0.920, f1-micro: 0.920, f1-macro: 0.814
epoch 218, loss: [233.44531]
link_sign_prediction acc: 0.920, f1-micro: 0.920, f1-macro: 0.813
epoch 219, loss: [230.6781]
link_sign_prediction acc: 0.920, f1-micro: 0.920, f1-macro: 0.812
epoch 220, loss: [227.38002]
link_sign_prediction acc: 0.920, f1-micro: 0.920, f1-macro: 0.812
epoch 221, loss: [212.47812]
link_sign_prediction acc: 0.919, f1-micro: 0.919, f1-macro: 0.811
epoch 222, loss: [215.10822]
link_sign_prediction acc: 0.920, f1-micro: 0.920, f1-macro: 0.813
epoch 223, loss: [216.06303]
link_sign_prediction acc: 0.920, f1-micro: 0.920, f1-macro: 0.812
epoch 224, loss: [216.97041]
link_sign_prediction acc: 0.919, f1-micro: 0.919, f1-macro: 0.811
epoch 225, loss: [213.32207]
link_sign_prediction acc: 0.919, f1-micro: 0.919, f1-macro: 0.811
epoch 226, loss: [213.40544]
link_sign_prediction acc: 0.918, f1-micro: 0.918, f1-macro: 0.809
epoch 227, loss: [213.14131]
link_sign_prediction acc: 0.919, f1-micro: 0.919, f1-macro: 0.809
epoch 228, loss: [211.64565]
link_sign_prediction acc: 0.917, f1-micro: 0.917, f1-macro: 0.806
epoch 229, loss: [211.24492]
link_sign_prediction acc: 0.919, f1-micro: 0.919, f1-macro: 0.810
epoch 230, loss: [209.66145]
link_sign_prediction acc: 0.919, f1-micro: 0.919, f1-macro: 0.810
epoch 231, loss: [208.97623]
link_sign_prediction acc: 0.917, f1-micro: 0.917, f1-macro: 0.806
epoch 232, loss: [211.0827]
link_sign_prediction acc: 0.920, f1-micro: 0.920, f1-macro: 0.812
epoch 233, loss: [208.3888]
link_sign_prediction acc: 0.918, f1-micro: 0.918, f1-macro: 0.807
epoch 234, loss: [209.69885]
link_sign_prediction acc: 0.920, f1-micro: 0.920, f1-macro: 0.813
epoch 235, loss: [208.2147]
link_sign_prediction acc: 0.919, f1-micro: 0.919, f1-macro: 0.810
epoch 236, loss: [207.16971]
link_sign_prediction acc: 0.917, f1-micro: 0.917, f1-macro: 0.805
epoch 237, loss: [207.74525]
link_sign_prediction acc: 0.918, f1-micro: 0.918, f1-macro: 0.807
epoch 238, loss: [207.64091]
link_sign_prediction acc: 0.919, f1-micro: 0.919, f1-macro: 0.811
epoch 239, loss: [208.79991]
link_sign_prediction acc: 0.918, f1-micro: 0.918, f1-macro: 0.807
epoch 240, loss: [206.27403]
link_sign_prediction acc: 0.918, f1-micro: 0.918, f1-macro: 0.808
epoch 241, loss: [190.53163]
link_sign_prediction acc: 0.920, f1-micro: 0.920, f1-macro: 0.812
epoch 242, loss: [195.26854]
link_sign_prediction acc: 0.916, f1-micro: 0.916, f1-macro: 0.800
epoch 243, loss: [372.99225]
link_sign_prediction acc: 0.920, f1-micro: 0.920, f1-macro: 0.813
epoch 244, loss: [251.18336]
link_sign_prediction acc: 0.920, f1-micro: 0.920, f1-macro: 0.812
epoch 245, loss: [219.40247]
link_sign_prediction acc: 0.921, f1-micro: 0.921, f1-macro: 0.815
epoch 246, loss: [209.70998]
link_sign_prediction acc: 0.920, f1-micro: 0.920, f1-macro: 0.814
epoch 247, loss: [207.86742]
link_sign_prediction acc: 0.920, f1-micro: 0.920, f1-macro: 0.812
epoch 248, loss: [205.61356]
link_sign_prediction acc: 0.921, f1-micro: 0.921, f1-macro: 0.815
epoch 249, loss: [221.13834]
link_sign_prediction acc: 0.919, f1-micro: 0.919, f1-macro: 0.810
epoch 250, loss: [203.40947]
link_sign_prediction acc: 0.920, f1-micro: 0.920, f1-macro: 0.812
epoch 251, loss: [203.7922]
link_sign_prediction acc: 0.919, f1-micro: 0.919, f1-macro: 0.811
epoch 252, loss: [203.72383]
link_sign_prediction acc: 0.920, f1-micro: 0.920, f1-macro: 0.812
epoch 253, loss: [201.43584]
link_sign_prediction acc: 0.919, f1-micro: 0.919, f1-macro: 0.810
epoch 254, loss: [201.44986]
link_sign_prediction acc: 0.918, f1-micro: 0.918, f1-macro: 0.807
epoch 255, loss: [197.41725]
link_sign_prediction acc: 0.918, f1-micro: 0.918, f1-macro: 0.808
epoch 256, loss: [197.20367]
